

Working Directory = /home/c2s09
QoS Summary for XOR_PUF_Top_With_Pads
================================================================================
Metric                          generic         map             syn_opt        
================================================================================
Slack (ps):                       inf             inf             inf
  R2R (ps):                  no_value        no_value        no_value
  I2R (ps):                  no_value        no_value        no_value
  R2O (ps):                  no_value        no_value        no_value
  I2O (ps):                  no_value        no_value        no_value
  CG  (ps):                  no_value        no_value        no_value
TNS (ps):                           0               0               0
  R2R (ps):                  no_value        no_value        no_value
  I2R (ps):                  no_value        no_value        no_value
  R2O (ps):                  no_value        no_value        no_value
  I2O (ps):                  no_value        no_value        no_value
  CG  (ps):                  no_value        no_value        no_value
Failing Paths:                      0               0               0
Cell Area:                      3,624           3,264           3,264
Total Cell Area:                3,624           3,264           3,264
Leaf Instances:                    31              17              17
Total Instances:                   31              17              17
Utilization (%):                 0.00            0.00            0.00
Tot. Net Length (um):        no_value        no_value        no_value
Avg. Net Length (um):        no_value        no_value        no_value
Route Overflow H (%):        no_value        no_value        no_value
Route Overflow V (%):        no_value        no_value        no_value
MBCI(%) (bits/gate) :            0.00            0.00            0.00
Norm Cong Hotspot Area:
  Max Cong:                  no_value        no_value        no_value
  Tot Cong:                  no_value        no_value        no_value
================================================================================
CPU  Runtime (h:m:s):        00:30:04        00:30:01        00:30:00
Real Runtime (h:m:s):        00:30:22        00:30:01        00:30:01
CPU  Elapsed (h:m:s):        00:30:06        00:30:07        00:30:07
Real Elapsed (h:m:s):        00:30:23        00:30:24        00:30:25
Memory (MB):                  1604.19         1617.65         1620.47
================================================================================
================================================================================
Flow Settings:
================================================================================
Total Runtime (h:m:s): 00:30:24
Total Memory (MB):     1628.48
Executable Version:    21.14-s082_1
================================================================================
Total Cell Area =  Cell Area + Physical Cell Area
Total Instances =  Leaf Instances + Physical Instances


