============================================================
  Generated by:           Genus(TM) Synthesis Solution 21.14-s082_1
  Generated on:           Oct 26 2025  12:01:03 pm
  Module:                 XOR_PUF_Top_With_Pads
  Technology libraries:   tsl18fs120_scl_ss 1
                          tsl18cio150_max 1.0
                          tsl18cio150_min 1.0
  Operating conditions:   tsl18cio150_max (worst_case_tree)
  Wireload mode:          enclosed
  Area mode:              timing library
============================================================

       Instance               Module         Cell Count  Cell Area  Net Area   Total Area  Wireload  
-----------------------------------------------------------------------------------------------------
XOR_PUF_Top_With_Pads                                31   3624.015     0.130     3624.145  4000 (S)  
  core                XOR_PUF_Top                    29   1033.135     0.000     1033.135  4000 (S)  
    puf_inst          XOR_PUF                        29   1033.135     0.000     1033.135  4000 (S)  
      puf1            ArbiterPUF_Chain                1     73.795     0.000       73.795 ForQA (S)  
        arbiter       ArbiterCell                     1     73.795     0.000       73.795 ForQA (S)  
      puf2            ComplexPUF_Chain                1     73.795     0.000       73.795 ForQA (S)  
        arbiter       ArbiterCell_1                   1     73.795     0.000       73.795 ForQA (S)  
      puf3            ArbiterPUF_Chain_15             1     73.795     0.000       73.795 ForQA (S)  
        arbiter       ArbiterCell                     1     73.795     0.000       73.795 ForQA (S)  
      puf4            ComplexPUF_Chain_3_17           1     73.795     0.000       73.795 ForQA (S)  
        arbiter       ArbiterCell_7                   1     73.795     0.000       73.795 ForQA (S)  
      puf5            ArbiterPUF_Chain_14             1     73.795     0.000       73.795 ForQA (S)  
        arbiter       ArbiterCell                     1     73.795     0.000       73.795 ForQA (S)  
      puf6            ComplexPUF_Chain_16             1     73.795     0.000       73.795 ForQA (S)  
        arbiter       ArbiterCell_1                   1     73.795     0.000       73.795 ForQA (S)  
      puf7            ArbiterPUF_Chain_13             1     73.795     0.000       73.795 ForQA (S)  
        arbiter       ArbiterCell                     1     73.795     0.000       73.795 ForQA (S)  
      puf8            ComplexPUF_Chain_3              1     73.795     0.000       73.795 ForQA (S)  
        arbiter       ArbiterCell_7                   1     73.795     0.000       73.795 ForQA (S)  
  (S) = wireload was automatically selected
