============================================================
  Generated by:           Genus(TM) Synthesis Solution 21.14-s082_1
  Generated on:           Oct 26 2025  12:01:03 pm
  Module:                 XOR_PUF_Top_With_Pads
  Technology libraries:   tsl18fs120_scl_ss 1
                          tsl18cio150_max 1.0
                          tsl18cio150_min 1.0
  Operating conditions:   tsl18cio150_max (worst_case_tree)
  Wireload mode:          enclosed
  Area mode:              timing library
============================================================

Timing
--------

     Clock       Period 
------------------------
trigger_vir_clk 20000.0 


      Cost        Critical         Violating 
     Group       Path Slack  TNS     Paths   
---------------------------------------------
default            No paths   0.0            
I2O                No paths   0.0            
I2R                No paths   0.0            
R2O                No paths   0.0            
R2R                No paths   0.0            
trigger_vir_clk    No paths   0.0            
---------------------------------------------
Total                         0.0          0 

Instance Count
--------------
Leaf Instance Count             31 
Physical Instance count          0 
Sequential Instance Count        8 
Combinational Instance Count    23 
Hierarchical Instance Count     18 

Area
----
Cell Area                          3624.015
Physical Cell Area                 0.000
Total Cell Area (Cell+Physical)    3624.015
Net Area                           0.130
Total Area (Cell+Physical+Net)     3624.145

Runtime                            0.0 seconds
Elapsed Runtime                    27 seconds
Genus peak memory usage            1612.20 
Innovus peak memory usage          no_value 
Hostname                           localhost
