============================================================
  Generated by:           Genus(TM) Synthesis Solution 21.14-s082_1
  Generated on:           Oct 26 2025  12:01:04 pm
  Module:                 XOR_PUF_Top_With_Pads
  Technology libraries:   tsl18fs120_scl_ss 1
                          tsl18cio150_max 1.0
                          tsl18cio150_min 1.0
  Operating conditions:   tsl18cio150_max (worst_case_tree)
  Wireload mode:          enclosed
  Area mode:              timing library
============================================================

                                Leakage  
  Gate    Instances    Area   Power (nW)        Library       
--------------------------------------------------------------
aoim22d1          2    43.900      1.048    tsl18fs120_scl_ss 
dfnrq1            8   476.640      6.297    tsl18fs120_scl_ss 
inv0d0            2    12.540      0.296    tsl18fs120_scl_ss 
pc3d01            1  1295.440    389.268    tsl18cio150_max   
pc3o05            1  1295.440    387.130    tsl18cio150_max   
xr02d1            1    31.360      0.598    tsl18fs120_scl_ss 
xr03d1            2   106.620      2.950    tsl18fs120_scl_ss 
--------------------------------------------------------------
total            17  3261.940    787.587                      


                                                   Leakage  Leakage 
     Library      Instances Instances %   Area   Power (nW) Power % 
--------------------------------------------------------------------
tsl18cio150_max           2        11.8 2590.880    776.398    98.6 
tsl18fs120_scl_ss        15        88.2  671.060     11.189     1.4 

                                           Leakage  Leakage 
     Type      Instances   Area   Area % Power (nW) Power % 
------------------------------------------------------------
timing_model           2 2590.880   79.4    776.398    98.6 
sequential             8  476.640   14.6      6.297     0.8 
inverter               2   12.540    0.4      0.296     0.0 
logic                  5  181.880    5.6      4.597     0.6 
physical_cells         0    0.000    0.0      0.000     0.0 
------------------------------------------------------------
total                 17 3261.940  100.0    787.587   100.0 

