============================================================
  Generated by:           Genus(TM) Synthesis Solution 21.14-s082_1
  Generated on:           Oct 26 2025  12:01:05 pm
  Module:                 XOR_PUF_Top_With_Pads
  Technology libraries:   tsl18fs120_scl_ss 1
                          tsl18cio150_max 1.0
                          tsl18cio150_min 1.0
  Operating conditions:   tsl18cio150_max (worst_case_tree)
  Wireload mode:          enclosed
  Area mode:              timing library
============================================================

       Instance               Module         Cell Count  Cell Area  Net Area   Total Area  Wireload  
-----------------------------------------------------------------------------------------------------
XOR_PUF_Top_With_Pads                                17   3261.940     2.461     3264.401  4000 (S)  
  core                XOR_PUF_Top                    15    671.060     2.331      673.391  4000 (S)  
    puf_inst          XOR_PUF                        15    671.060     2.331      673.391  4000 (S)  
      puf1            ArbiterPUF_Chain                1     59.580     0.000       59.580 ForQA (S)  
        arbiter       ArbiterCell                     1     59.580     0.000       59.580 ForQA (S)  
      puf2            ComplexPUF_Chain                1     59.580     0.000       59.580 ForQA (S)  
        arbiter       ArbiterCell_1                   1     59.580     0.000       59.580 ForQA (S)  
      puf3            ArbiterPUF_Chain_15             1     59.580     0.000       59.580 ForQA (S)  
        arbiter       ArbiterCell_10                  1     59.580     0.000       59.580 ForQA (S)  
      puf4            ComplexPUF_Chain_3_17           1     59.580     0.000       59.580 ForQA (S)  
        arbiter       ArbiterCell_7_12                1     59.580     0.000       59.580 ForQA (S)  
      puf5            ArbiterPUF_Chain_14             1     59.580     0.000       59.580 ForQA (S)  
        arbiter       ArbiterCell_9                   1     59.580     0.000       59.580 ForQA (S)  
      puf6            ComplexPUF_Chain_16             1     59.580     0.000       59.580 ForQA (S)  
        arbiter       ArbiterCell_1_11                1     59.580     0.000       59.580 ForQA (S)  
      puf7            ArbiterPUF_Chain_13             1     59.580     0.000       59.580 ForQA (S)  
        arbiter       ArbiterCell_8                   1     59.580     0.000       59.580 ForQA (S)  
      puf8            ComplexPUF_Chain_3              1     59.580     0.000       59.580 ForQA (S)  
        arbiter       ArbiterCell_7                   1     59.580     0.000       59.580 ForQA (S)  
  (S) = wireload was automatically selected
